
> app@0.1.0 dev
> next dev

▲ Next.js 16.1.6 (Turbopack)
- Local:         http://localhost:3000
- Network:       http://10.145.113.207:3000
- Environments: .env.local
- Experiments (use with caution):
  · proxyClientMaxBodySize: "50mb"
  · serverActions

✓ Starting...
✓ Ready in 435ms
 GET / 200 in 187ms (compile: 117ms, render: 70ms)
 GET / 200 in 40ms (compile: 7ms, render: 33ms)
 GET / 200 in 45ms (compile: 5ms, render: 40ms)
 GET /contributors 200 in 68ms (compile: 40ms, render: 28ms)
 GET / 200 in 31ms (compile: 6ms, render: 25ms)
 GET /workers 200 in 48ms (compile: 29ms, render: 19ms)
 GET /workers/12D3KooWMhQEjQBZomunNUvi7ntx6888sg34XgSzzKCX358JwTRN 200 in 241ms (compile: 228ms, render: 13ms)
 GET /workers/12D3KooWMhQEjQBZomunNUvi7ntx6888sg34XgSzzKCX358JwTRN 200 in 54ms (compile: 8ms, render: 46ms)
 GET /workers 200 in 35ms (compile: 7ms, render: 28ms)
 GET /workers/12D3KooWMhQEjQBZomunNUvi7ntx6888sg34XgSzzKCX358JwTRN 200 in 36ms (compile: 8ms, render: 28ms)
 GET /workers 200 in 32ms (compile: 4ms, render: 27ms)
 GET / 200 in 23ms (compile: 5ms, render: 18ms)
 GET /workers 200 in 28ms (compile: 4ms, render: 25ms)
 GET /workers/12D3KooWMhQEjQBZomunNUvi7ntx6888sg34XgSzzKCX358JwTRN 200 in 36ms (compile: 8ms, render: 28ms)
 GET /workers 200 in 29ms (compile: 4ms, render: 25ms)
 GET /workers 200 in 53ms (compile: 5ms, render: 48ms)
 GET /workers/12D3KooWMhQEjQBZomunNUvi7ntx6888sg34XgSzzKCX358JwTRN 200 in 38ms (compile: 8ms, render: 30ms)
 GET /workers 200 in 29ms (compile: 4ms, render: 25ms)
 GET /workers 200 in 45ms (compile: 5ms, render: 40ms)
 GET /workers/12D3KooWMhQEjQBZomunNUvi7ntx6888sg34XgSzzKCX358JwTRN 200 in 38ms (compile: 11ms, render: 27ms)
 GET /workers 200 in 29ms (compile: 4ms, render: 25ms)
 GET /workers/12D3KooWCwHWQoB8ENdjhwu2v4EvY4ZiMe4T1SZP9JJiBjFe46S3 200 in 22ms (compile: 4ms, render: 19ms)
 GET /workers 200 in 29ms (compile: 3ms, render: 26ms)
 GET / 200 in 24ms (compile: 6ms, render: 19ms)
 GET /workers 200 in 30ms (compile: 4ms, render: 26ms)
 GET /workers/12D3KooWMhQEjQBZomunNUvi7ntx6888sg34XgSzzKCX358JwTRN 200 in 34ms (compile: 8ms, render: 26ms)
 GET /workers/12D3KooWMhQEjQBZomunNUvi7ntx6888sg34XgSzzKCX358JwTRN 200 in 54ms (compile: 7ms, render: 47ms)
 GET /workers 200 in 30ms (compile: 5ms, render: 25ms)
 GET /workers/12D3KooWCwHWQoB8ENdjhwu2v4EvY4ZiMe4T1SZP9JJiBjFe46S3 200 in 35ms (compile: 8ms, render: 27ms)
 GET /workers 200 in 29ms (compile: 4ms, render: 25ms)
 GET /workers/12D3KooWMhQEjQBZomunNUvi7ntx6888sg34XgSzzKCX358JwTRN 200 in 35ms (compile: 5ms, render: 30ms)
 GET /workers 200 in 23ms (compile: 4ms, render: 19ms)
 GET /workers/12D3KooWCwHWQoB8ENdjhwu2v4EvY4ZiMe4T1SZP9JJiBjFe46S3 200 in 33ms (compile: 6ms, render: 27ms)
 GET /workers 200 in 27ms (compile: 2ms, render: 24ms)
 GET /workers/12D3KooWMhQEjQBZomunNUvi7ntx6888sg34XgSzzKCX358JwTRN 200 in 26ms (compile: 4ms, render: 21ms)
 GET /workers 200 in 31ms (compile: 4ms, render: 27ms)
 GET /workers/12D3KooWCwHWQoB8ENdjhwu2v4EvY4ZiMe4T1SZP9JJiBjFe46S3 200 in 37ms (compile: 9ms, render: 28ms)
 GET /workers 200 in 30ms (compile: 3ms, render: 27ms)
 GET /workers/12D3KooWMhQEjQBZomunNUvi7ntx6888sg34XgSzzKCX358JwTRN 200 in 35ms (compile: 8ms, render: 28ms)
 GET /workers/12D3KooWMhQEjQBZomunNUvi7ntx6888sg34XgSzzKCX358JwTRN 200 in 45ms (compile: 6ms, render: 39ms)
 GET /workers/12D3KooWMhQEjQBZomunNUvi7ntx6888sg34XgSzzKCX358JwTRN 200 in 52ms (compile: 10ms, render: 42ms)
 GET /workers 200 in 21ms (compile: 4ms, render: 17ms)
 GET /workers/12D3KooWMhQEjQBZomunNUvi7ntx6888sg34XgSzzKCX358JwTRN 200 in 34ms (compile: 6ms, render: 28ms)
 GET /workers 200 in 28ms (compile: 4ms, render: 24ms)
 GET /workers 200 in 53ms (compile: 12ms, render: 42ms)
 GET /workers/12D3KooWMhQEjQBZomunNUvi7ntx6888sg34XgSzzKCX358JwTRN 200 in 30ms (compile: 7ms, render: 24ms)
 GET /workers 200 in 27ms (compile: 4ms, render: 24ms)
 GET /workers/12D3KooWMhQEjQBZomunNUvi7ntx6888sg34XgSzzKCX358JwTRN 200 in 33ms (compile: 7ms, render: 26ms)
 GET /workers 200 in 27ms (compile: 4ms, render: 23ms)
 GET /workers 200 in 48ms (compile: 4ms, render: 44ms)
 GET /workers/12D3KooWMhQEjQBZomunNUvi7ntx6888sg34XgSzzKCX358JwTRN 200 in 35ms (compile: 12ms, render: 23ms)
 GET /workers/12D3KooWMhQEjQBZomunNUvi7ntx6888sg34XgSzzKCX358JwTRN 200 in 49ms (compile: 5ms, render: 44ms)
 GET /workers 200 in 30ms (compile: 6ms, render: 24ms)
 GET /workers/12D3KooWCwHWQoB8ENdjhwu2v4EvY4ZiMe4T1SZP9JJiBjFe46S3 200 in 35ms (compile: 7ms, render: 27ms)
 GET /workers/12D3KooWCwHWQoB8ENdjhwu2v4EvY4ZiMe4T1SZP9JJiBjFe46S3 200 in 46ms (compile: 6ms, render: 40ms)
 GET /workers 200 in 27ms (compile: 4ms, render: 23ms)
 GET /workers/12D3KooWMhQEjQBZomunNUvi7ntx6888sg34XgSzzKCX358JwTRN 200 in 36ms (compile: 7ms, render: 29ms)
 GET /workers 200 in 28ms (compile: 3ms, render: 25ms)
 GET / 200 in 27ms (compile: 5ms, render: 22ms)
 GET / 200 in 42ms (compile: 3ms, render: 39ms)
 GET /workers 200 in 31ms (compile: 6ms, render: 26ms)
 GET /workers 200 in 41ms (compile: 3ms, render: 38ms)
 GET /workers/12D3KooWMhQEjQBZomunNUvi7ntx6888sg34XgSzzKCX358JwTRN 200 in 38ms (compile: 12ms, render: 25ms)
 GET /workers 200 in 28ms (compile: 3ms, render: 24ms)
 GET /workers 200 in 48ms (compile: 4ms, render: 44ms)
 GET /workers/12D3KooWCwHWQoB8ENdjhwu2v4EvY4ZiMe4T1SZP9JJiBjFe46S3 200 in 33ms (compile: 8ms, render: 26ms)
 GET /workers 200 in 20ms (compile: 2ms, render: 17ms)
 GET /workers/12D3KooWMhQEjQBZomunNUvi7ntx6888sg34XgSzzKCX358JwTRN 200 in 33ms (compile: 7ms, render: 26ms)
 GET /workers 200 in 29ms (compile: 3ms, render: 27ms)
 GET / 200 in 25ms (compile: 6ms, render: 19ms)
 GET /files 200 in 52ms (compile: 37ms, render: 15ms)
 GET /files?file_id=2470 200 in 137ms (compile: 1921µs, render: 135ms)
 GET /files?file_id=10 200 in 56ms (compile: 4ms, render: 51ms)
 GET /files?file_id=01 200 in 49ms (compile: 3ms, render: 46ms)
 GET /files?file_id=123 200 in 48ms (compile: 3ms, render: 46ms)
 GET / 200 in 28ms (compile: 9ms, render: 20ms)
 GET /contributors 200 in 34ms (compile: 4ms, render: 30ms)
 GET /workers 200 in 30ms (compile: 7ms, render: 23ms)
 GET /workers/12D3KooWMhQEjQBZomunNUvi7ntx6888sg34XgSzzKCX358JwTRN 200 in 36ms (compile: 7ms, render: 29ms)
 GET /workers 200 in 30ms (compile: 4ms, render: 26ms)
 GET / 200 in 24ms (compile: 4ms, render: 20ms)
 GET /files 200 in 28ms (compile: 5ms, render: 23ms)
 GET /files?file_id=234 200 in 83ms (compile: 3ms, render: 80ms)
 GET /files/download 200 in 62ms (compile: 51ms, render: 11ms)
 GET /files/download?ok=1&file_id=234&original_hash=9e21e709f6a7508c68bc02e49ea9fc79de51ae28b2c3c5cc0a10449d6f260ae3&restored_hash=9e21e709f6a7508c68bc02e49ea9fc79de51ae28b2c3c5cc0a10449d6f260ae3&equal=1&bytes=27263 200 in 10ms (compile: 1107µs, render: 9ms)
 POST /files/download 303 in 3.3s (compile: 3ms, render: 3.3s)
 GET /files/download/file?file_id=234 200 in 579ms (compile: 48ms, render: 531ms)
 GET /files/download?ok=1&file_id=234&original_hash=9e21e709f6a7508c68bc02e49ea9fc79de51ae28b2c3c5cc0a10449d6f260ae3&restored_hash=9e21e709f6a7508c68bc02e49ea9fc79de51ae28b2c3c5cc0a10449d6f260ae3&equal=1&bytes=27263 200 in 85ms (compile: 14ms, render: 71ms)
 GET / 200 in 26ms (compile: 5ms, render: 21ms)
 GET /contributors 200 in 20ms (compile: 3ms, render: 17ms)
 GET /workers 200 in 29ms (compile: 6ms, render: 23ms)
 GET /workers/12D3KooWMhQEjQBZomunNUvi7ntx6888sg34XgSzzKCX358JwTRN 200 in 37ms (compile: 10ms, render: 27ms)
 GET /workers 200 in 30ms (compile: 4ms, render: 26ms)
 GET /workers 200 in 41ms (compile: 3ms, render: 37ms)
 GET /workers/12D3KooWMhQEjQBZomunNUvi7ntx6888sg34XgSzzKCX358JwTRN 200 in 33ms (compile: 9ms, render: 24ms)
 GET /workers 200 in 26ms (compile: 3ms, render: 23ms)
 GET /workers 200 in 42ms (compile: 3ms, render: 39ms)
 GET /workers/12D3KooWMhQEjQBZomunNUvi7ntx6888sg34XgSzzKCX358JwTRN 200 in 46ms (compile: 9ms, render: 37ms)
 GET /workers 200 in 33ms (compile: 4ms, render: 29ms)
 GET /workers 200 in 44ms (compile: 3ms, render: 41ms)
 GET /workers/12D3KooWMhQEjQBZomunNUvi7ntx6888sg34XgSzzKCX358JwTRN 200 in 27ms (compile: 5ms, render: 22ms)
 GET /workers 200 in 27ms (compile: 3ms, render: 24ms)
 GET /workers/12D3KooWMhQEjQBZomunNUvi7ntx6888sg34XgSzzKCX358JwTRN 200 in 24ms (compile: 4ms, render: 20ms)
 GET /workers 200 in 26ms (compile: 4ms, render: 22ms)
 GET /workers 200 in 50ms (compile: 5ms, render: 46ms)
 GET /workers/12D3KooWMhQEjQBZomunNUvi7ntx6888sg34XgSzzKCX358JwTRN 200 in 35ms (compile: 9ms, render: 25ms)
 GET /workers 200 in 26ms (compile: 3ms, render: 23ms)
 GET /workers 200 in 60ms (compile: 13ms, render: 47ms)
 GET /workers 200 in 58ms (compile: 13ms, render: 45ms)
 GET /workers 200 in 31ms (compile: 2ms, render: 29ms)
 GET /workers/12D3KooWCwHWQoB8ENdjhwu2v4EvY4ZiMe4T1SZP9JJiBjFe46S3 200 in 37ms (compile: 9ms, render: 28ms)
 GET /workers 200 in 29ms (compile: 4ms, render: 25ms)
 GET /workers 200 in 44ms (compile: 4ms, render: 40ms)
 GET /workers 200 in 42ms (compile: 5ms, render: 37ms)
 GET /workers 200 in 44ms (compile: 3ms, render: 41ms)
 GET /workers/12D3KooWMhQEjQBZomunNUvi7ntx6888sg34XgSzzKCX358JwTRN 200 in 34ms (compile: 11ms, render: 23ms)
 GET /workers 200 in 27ms (compile: 4ms, render: 23ms)
 GET /workers/12D3KooWCwHWQoB8ENdjhwu2v4EvY4ZiMe4T1SZP9JJiBjFe46S3 200 in 35ms (compile: 8ms, render: 27ms)
 GET /workers 200 in 28ms (compile: 5ms, render: 23ms)
 GET /workers 200 in 50ms (compile: 7ms, render: 42ms)
 GET /workers/12D3KooWMhQEjQBZomunNUvi7ntx6888sg34XgSzzKCX358JwTRN 200 in 33ms (compile: 9ms, render: 24ms)
 GET /workers 200 in 29ms (compile: 3ms, render: 25ms)
 GET /workers 200 in 45ms (compile: 4ms, render: 41ms)
 GET /workers/12D3KooWMhQEjQBZomunNUvi7ntx6888sg34XgSzzKCX358JwTRN 200 in 34ms (compile: 7ms, render: 27ms)
 GET /workers 200 in 29ms (compile: 4ms, render: 25ms)
 GET /workers 200 in 45ms (compile: 5ms, render: 40ms)
 GET /workers 200 in 45ms (compile: 4ms, render: 42ms)
 GET /workers 200 in 62ms (compile: 13ms, render: 50ms)
 GET / 200 in 31ms (compile: 10ms, render: 21ms)
 GET /contributors 200 in 51ms (compile: 11ms, render: 40ms)
 GET /workers 200 in 34ms (compile: 7ms, render: 28ms)
 GET /workers 200 in 48ms (compile: 5ms, render: 43ms)
 GET /workers/01 200 in 35ms (compile: 10ms, render: 25ms)
 GET /workers 200 in 29ms (compile: 3ms, render: 26ms)
 GET /workers/01 200 in 42ms (compile: 8ms, render: 34ms)
 GET /workers 200 in 30ms (compile: 3ms, render: 27ms)
 GET / 200 in 25ms (compile: 6ms, render: 19ms)
 GET /files 200 in 31ms (compile: 5ms, render: 26ms)
 GET /files/upload 200 in 61ms (compile: 50ms, render: 11ms)
[uploadAction] start target=http://10.145.113.207:7070/upload bytes=1593300 file_id=747
[uploadAction] response target=http://10.145.113.207:7070/upload status=413
[uploadAction] error target=http://10.145.113.207:7070/upload message=Upload request failed: 413 Payload Too Large - Failed to buffer the request body: length limit exceeded. target=http://10.145.113.207:7070/upload
 GET /files/upload?err=Upload+request+failed%3A+413+Payload+Too+Large+-+Failed+to+buffer+the+request+body%3A+length+limit+exceeded.+target%3Dhttp%3A%2F%2F10.145.113.207%3A7070%2Fupload 200 in 20ms (compile: 1885µs, render: 18ms)
 POST /files/upload 303 in 75ms (compile: 5ms, render: 70ms)
 GET /files 200 in 30ms (compile: 5ms, render: 25ms)
 GET /files/upload 200 in 22ms (compile: 3ms, render: 19ms)
[uploadAction] start target=http://10.145.113.207:7070/upload bytes=132607 file_id=747
[uploadAction] response target=http://10.145.113.207:7070/upload status=200
 GET /files/upload?ok=1&file_id=747&hash=767b91d8725e3062d9e319fc7c62d18a02bbfb07f691dd1d0f333859f0412217&bytes=132607&replication_factor=2 200 in 15ms (compile: 1626µs, render: 14ms)
 POST /files/upload 303 in 3.5s (compile: 3ms, render: 3.5s)
 GET /files 200 in 30ms (compile: 5ms, render: 25ms)
 GET /files?file_id=747 200 in 131ms (compile: 3ms, render: 129ms)
 GET / 200 in 32ms (compile: 7ms, render: 26ms)
 GET /contributors 200 in 43ms (compile: 4ms, render: 39ms)
 GET /workers 200 in 32ms (compile: 6ms, render: 26ms)
 GET /workers/12D3KooWMhQEjQBZomunNUvi7ntx6888sg34XgSzzKCX358JwTRN 200 in 37ms (compile: 11ms, render: 26ms)
 GET /workers 200 in 30ms (compile: 3ms, render: 27ms)
 GET /workers/01 200 in 33ms (compile: 8ms, render: 24ms)
 GET /workers/01 200 in 51ms (compile: 8ms, render: 43ms)
 GET /workers 200 in 34ms (compile: 8ms, render: 25ms)
 GET /workers/01 200 in 33ms (compile: 5ms, render: 28ms)
 GET /workers 200 in 37ms (compile: 3ms, render: 33ms)
 GET /workers/12D3KooWMhQEjQBZomunNUvi7ntx6888sg34XgSzzKCX358JwTRN 200 in 35ms (compile: 7ms, render: 28ms)
 GET /workers 200 in 29ms (compile: 3ms, render: 26ms)
 GET /workers 200 in 51ms (compile: 6ms, render: 45ms)
 GET /workers/01 200 in 37ms (compile: 10ms, render: 27ms)
 GET /workers 200 in 32ms (compile: 4ms, render: 29ms)
 GET /workers/debug-worker-123 200 in 33ms (compile: 7ms, render: 26ms)
 GET /workers 200 in 31ms (compile: 3ms, render: 27ms)
 GET /workers/12D3KooW9vCqDyEHkvEaBbCqR7kBxx1F4xTMSuhjevwVaBWs9JbE 200 in 33ms (compile: 6ms, render: 27ms)
 GET /workers 200 in 33ms (compile: 6ms, render: 28ms)
 GET /workers/12D3KooWB1W8jcHxbxHqKEjsHYxVUwV75Na4jdCH7TEb93zSonxw 200 in 35ms (compile: 6ms, render: 29ms)
 GET /workers 200 in 30ms (compile: 4ms, render: 27ms)
 GET /workers/debug-worker-123 200 in 21ms (compile: 4ms, render: 17ms)
 GET /workers 200 in 33ms (compile: 4ms, render: 29ms)
 GET /workers 200 in 47ms (compile: 4ms, render: 43ms)
 GET /workers/12D3KooWB1W8jcHxbxHqKEjsHYxVUwV75Na4jdCH7TEb93zSonxw 200 in 35ms (compile: 7ms, render: 27ms)
 GET /workers 200 in 31ms (compile: 4ms, render: 27ms)
 GET /workers/12D3KooWMhQEjQBZomunNUvi7ntx6888sg34XgSzzKCX358JwTRN 200 in 36ms (compile: 7ms, render: 29ms)
 GET /workers 200 in 31ms (compile: 4ms, render: 27ms)
 GET /workers/12D3KooW9vCqDyEHkvEaBbCqR7kBxx1F4xTMSuhjevwVaBWs9JbE 200 in 34ms (compile: 6ms, render: 28ms)
 GET /workers 200 in 33ms (compile: 5ms, render: 28ms)
 GET /workers/12D3KooWCwHWQoB8ENdjhwu2v4EvY4ZiMe4T1SZP9JJiBjFe46S3 200 in 37ms (compile: 8ms, render: 28ms)
 GET /workers 200 in 31ms (compile: 4ms, render: 27ms)
 GET /workers/debug-worker-123 200 in 35ms (compile: 6ms, render: 29ms)
 GET /workers 200 in 31ms (compile: 4ms, render: 27ms)
 GET /workers/12D3KooW9vCqDyEHkvEaBbCqR7kBxx1F4xTMSuhjevwVaBWs9JbE 200 in 35ms (compile: 7ms, render: 27ms)
 GET /workers 200 in 32ms (compile: 4ms, render: 29ms)
 GET /workers/12D3KooW9vCqDyEHkvEaBbCqR7kBxx1F4xTMSuhjevwVaBWs9JbE 200 in 31ms (compile: 5ms, render: 25ms)
 GET /workers 200 in 32ms (compile: 3ms, render: 30ms)
 GET /workers/01 200 in 37ms (compile: 6ms, render: 30ms)
 GET /workers 200 in 33ms (compile: 3ms, render: 30ms)
 GET /workers 200 in 50ms (compile: 4ms, render: 46ms)
 GET /workers/12D3KooWPU7Cf4Rq3RLVYDjx9Af6pNdh4V6QqQFp417ncbgCZJrA 200 in 35ms (compile: 8ms, render: 26ms)
 GET /workers 200 in 32ms (compile: 4ms, render: 28ms)
 GET /workers/12D3KooWB1W8jcHxbxHqKEjsHYxVUwV75Na4jdCH7TEb93zSonxw 200 in 35ms (compile: 7ms, render: 27ms)
 GET /workers 200 in 34ms (compile: 3ms, render: 31ms)
 GET /workers/12D3KooW9vCqDyEHkvEaBbCqR7kBxx1F4xTMSuhjevwVaBWs9JbE 200 in 33ms (compile: 6ms, render: 27ms)
 GET /workers 200 in 36ms (compile: 4ms, render: 32ms)
 GET /workers/12D3KooWCwHWQoB8ENdjhwu2v4EvY4ZiMe4T1SZP9JJiBjFe46S3 200 in 38ms (compile: 8ms, render: 29ms)
 GET /workers 200 in 31ms (compile: 3ms, render: 28ms)
 GET /workers 200 in 48ms (compile: 3ms, render: 45ms)
 GET /workers 200 in 48ms (compile: 4ms, render: 44ms)
 GET /workers/12D3KooW9vCqDyEHkvEaBbCqR7kBxx1F4xTMSuhjevwVaBWs9JbE 200 in 35ms (compile: 7ms, render: 28ms)
 GET /workers 200 in 29ms (compile: 3ms, render: 26ms)
 GET /workers/debug-worker-123 200 in 37ms (compile: 7ms, render: 29ms)
 GET /workers 200 in 29ms (compile: 3ms, render: 26ms)
 GET /workers/01 200 in 31ms (compile: 6ms, render: 25ms)
 GET /workers 200 in 32ms (compile: 3ms, render: 29ms)
 GET /workers/12D3KooWPU7Cf4Rq3RLVYDjx9Af6pNdh4V6QqQFp417ncbgCZJrA 200 in 31ms (compile: 7ms, render: 24ms)
 GET /workers 200 in 33ms (compile: 3ms, render: 30ms)
 GET /workers/12D3KooWB1W8jcHxbxHqKEjsHYxVUwV75Na4jdCH7TEb93zSonxw 200 in 34ms (compile: 7ms, render: 27ms)
 GET /workers 200 in 29ms (compile: 3ms, render: 26ms)
 GET /workers/12D3KooWMhQEjQBZomunNUvi7ntx6888sg34XgSzzKCX358JwTRN 200 in 36ms (compile: 8ms, render: 28ms)
 GET /workers 200 in 29ms (compile: 3ms, render: 27ms)
 GET /workers/12D3KooW9vCqDyEHkvEaBbCqR7kBxx1F4xTMSuhjevwVaBWs9JbE 200 in 32ms (compile: 6ms, render: 25ms)
 GET /workers 200 in 31ms (compile: 3ms, render: 29ms)
 GET /workers/12D3KooWCwHWQoB8ENdjhwu2v4EvY4ZiMe4T1SZP9JJiBjFe46S3 200 in 32ms (compile: 5ms, render: 27ms)
 GET /workers 200 in 33ms (compile: 4ms, render: 30ms)
 GET /workers 200 in 47ms (compile: 3ms, render: 44ms)
 GET /workers/12D3KooWEXL7rX9BiD4qYvh889zt4p6C9uxmmMztq9gSRAJi26LW 200 in 26ms (compile: 4ms, render: 22ms)
 GET /workers 200 in 30ms (compile: 3ms, render: 26ms)
 GET /workers 200 in 50ms (compile: 3ms, render: 47ms)
 GET /workers/12D3KooWPU7Cf4Rq3RLVYDjx9Af6pNdh4V6QqQFp417ncbgCZJrA 200 in 37ms (compile: 7ms, render: 29ms)
 GET /workers 200 in 32ms (compile: 3ms, render: 29ms)
 GET /workers/12D3KooWPU7Cf4Rq3RLVYDjx9Af6pNdh4V6QqQFp417ncbgCZJrA 200 in 35ms (compile: 8ms, render: 27ms)
 GET /workers/12D3KooWPU7Cf4Rq3RLVYDjx9Af6pNdh4V6QqQFp417ncbgCZJrA 200 in 46ms (compile: 6ms, render: 40ms)
 GET /workers 200 in 33ms (compile: 6ms, render: 27ms)
 GET /workers/12D3KooWPU7Cf4Rq3RLVYDjx9Af6pNdh4V6QqQFp417ncbgCZJrA 200 in 33ms (compile: 6ms, render: 27ms)
 GET /workers 200 in 32ms (compile: 3ms, render: 29ms)
 GET /workers 200 in 42ms (compile: 3ms, render: 39ms)
 GET /workers/12D3KooW9vCqDyEHkvEaBbCqR7kBxx1F4xTMSuhjevwVaBWs9JbE 200 in 32ms (compile: 7ms, render: 25ms)
 GET /workers 200 in 31ms (compile: 3ms, render: 27ms)
 GET /workers/debug-worker-123 200 in 34ms (compile: 6ms, render: 28ms)
 GET /workers 200 in 31ms (compile: 3ms, render: 27ms)
 GET /workers/12D3KooWB1W8jcHxbxHqKEjsHYxVUwV75Na4jdCH7TEb93zSonxw 200 in 32ms (compile: 6ms, render: 26ms)
 GET /workers 200 in 33ms (compile: 3ms, render: 30ms)
 GET /workers/12D3KooWMhQEjQBZomunNUvi7ntx6888sg34XgSzzKCX358JwTRN 200 in 31ms (compile: 5ms, render: 25ms)
 GET /workers 200 in 33ms (compile: 3ms, render: 31ms)
 GET /workers/12D3KooWCwHWQoB8ENdjhwu2v4EvY4ZiMe4T1SZP9JJiBjFe46S3 200 in 31ms (compile: 6ms, render: 25ms)
 GET /workers 200 in 31ms (compile: 5ms, render: 26ms)
 GET /workers/12D3KooW9vCqDyEHkvEaBbCqR7kBxx1F4xTMSuhjevwVaBWs9JbE 200 in 35ms (compile: 5ms, render: 31ms)
 GET /workers 200 in 30ms (compile: 4ms, render: 26ms)
 GET /workers 200 in 39ms (compile: 2ms, render: 37ms)
 GET /workers/12D3KooWFr64p7d4ngCj6Uy2C6E7XMeYQ6fJQ6AcuBFNeZqgw5ND 200 in 38ms (compile: 9ms, render: 29ms)
 GET /workers 200 in 31ms (compile: 3ms, render: 28ms)
 GET /workers/12D3KooW9vCqDyEHkvEaBbCqR7kBxx1F4xTMSuhjevwVaBWs9JbE 200 in 32ms (compile: 6ms, render: 26ms)
 GET /workers 200 in 34ms (compile: 4ms, render: 30ms)
 GET /workers/12D3KooWFr64p7d4ngCj6Uy2C6E7XMeYQ6fJQ6AcuBFNeZqgw5ND 200 in 39ms (compile: 7ms, render: 32ms)
 GET /workers 200 in 35ms (compile: 4ms, render: 31ms)
 GET /workers/12D3KooWEXL7rX9BiD4qYvh889zt4p6C9uxmmMztq9gSRAJi26LW 200 in 34ms (compile: 6ms, render: 28ms)
 GET /workers 200 in 33ms (compile: 3ms, render: 29ms)
 GET /workers/12D3KooWPU7Cf4Rq3RLVYDjx9Af6pNdh4V6QqQFp417ncbgCZJrA 200 in 33ms (compile: 7ms, render: 27ms)
 GET /workers 200 in 32ms (compile: 4ms, render: 28ms)
 GET /workers/12D3KooWB1W8jcHxbxHqKEjsHYxVUwV75Na4jdCH7TEb93zSonxw 200 in 32ms (compile: 7ms, render: 25ms)
 GET /workers 200 in 32ms (compile: 3ms, render: 29ms)
 GET /workers 200 in 54ms (compile: 3ms, render: 52ms)
 GET /workers/12D3KooW9vCqDyEHkvEaBbCqR7kBxx1F4xTMSuhjevwVaBWs9JbE 200 in 36ms (compile: 6ms, render: 30ms)
 GET /workers 200 in 32ms (compile: 3ms, render: 29ms)
 GET /workers/12D3KooWMhQEjQBZomunNUvi7ntx6888sg34XgSzzKCX358JwTRN 200 in 29ms (compile: 5ms, render: 24ms)
 GET /workers/12D3KooWMhQEjQBZomunNUvi7ntx6888sg34XgSzzKCX358JwTRN 200 in 44ms (compile: 5ms, render: 39ms)
 GET /workers 200 in 31ms (compile: 2ms, render: 29ms)
 GET /workers/12D3KooWB1W8jcHxbxHqKEjsHYxVUwV75Na4jdCH7TEb93zSonxw 200 in 35ms (compile: 7ms, render: 28ms)
 GET /workers 200 in 31ms (compile: 4ms, render: 27ms)
 GET /workers/12D3KooWPU7Cf4Rq3RLVYDjx9Af6pNdh4V6QqQFp417ncbgCZJrA 200 in 37ms (compile: 6ms, render: 31ms)
 GET /workers 200 in 31ms (compile: 3ms, render: 28ms)
 GET /workers/12D3KooWB1W8jcHxbxHqKEjsHYxVUwV75Na4jdCH7TEb93zSonxw 200 in 34ms (compile: 7ms, render: 27ms)
 GET /workers/12D3KooWB1W8jcHxbxHqKEjsHYxVUwV75Na4jdCH7TEb93zSonxw 200 in 46ms (compile: 6ms, render: 40ms)
 GET /workers 200 in 35ms (compile: 3ms, render: 32ms)
 GET /workers/12D3KooW9vCqDyEHkvEaBbCqR7kBxx1F4xTMSuhjevwVaBWs9JbE 200 in 33ms (compile: 8ms, render: 25ms)
 GET /workers 200 in 30ms (compile: 3ms, render: 28ms)
 GET /workers 200 in 49ms (compile: 3ms, render: 46ms)
 GET /workers/12D3KooW9vCqDyEHkvEaBbCqR7kBxx1F4xTMSuhjevwVaBWs9JbE 200 in 35ms (compile: 7ms, render: 28ms)
 GET /workers 200 in 30ms (compile: 4ms, render: 26ms)
 GET /workers/12D3KooWFr64p7d4ngCj6Uy2C6E7XMeYQ6fJQ6AcuBFNeZqgw5ND 200 in 34ms (compile: 6ms, render: 28ms)
 GET /workers 200 in 30ms (compile: 3ms, render: 27ms)
 GET /workers/12D3KooWEXL7rX9BiD4qYvh889zt4p6C9uxmmMztq9gSRAJi26LW 200 in 32ms (compile: 6ms, render: 27ms)
 GET /workers 200 in 34ms (compile: 3ms, render: 31ms)
 GET /workers/12D3KooWPU7Cf4Rq3RLVYDjx9Af6pNdh4V6QqQFp417ncbgCZJrA 200 in 32ms (compile: 7ms, render: 25ms)
 GET /workers 200 in 27ms (compile: 2ms, render: 25ms)
 GET /workers/12D3KooWB1W8jcHxbxHqKEjsHYxVUwV75Na4jdCH7TEb93zSonxw 200 in 36ms (compile: 8ms, render: 29ms)
 GET /workers 200 in 20ms (compile: 2ms, render: 18ms)
 GET /workers/12D3KooWCwHWQoB8ENdjhwu2v4EvY4ZiMe4T1SZP9JJiBjFe46S3 200 in 33ms (compile: 6ms, render: 26ms)
 GET /workers 200 in 30ms (compile: 3ms, render: 27ms)
 GET /workers/12D3KooW9vCqDyEHkvEaBbCqR7kBxx1F4xTMSuhjevwVaBWs9JbE 200 in 31ms (compile: 6ms, render: 25ms)
 GET /workers 200 in 34ms (compile: 3ms, render: 31ms)
 GET /workers/12D3KooWFr64p7d4ngCj6Uy2C6E7XMeYQ6fJQ6AcuBFNeZqgw5ND 200 in 32ms (compile: 6ms, render: 26ms)
 GET /workers 200 in 17ms (compile: 1196µs, render: 16ms)
 GET /workers/12D3KooWPU7Cf4Rq3RLVYDjx9Af6pNdh4V6QqQFp417ncbgCZJrA 200 in 37ms (compile: 7ms, render: 30ms)
 GET /workers 200 in 36ms (compile: 4ms, render: 32ms)
 GET /workers/12D3KooWB1W8jcHxbxHqKEjsHYxVUwV75Na4jdCH7TEb93zSonxw 200 in 37ms (compile: 8ms, render: 28ms)
 GET /workers 200 in 31ms (compile: 4ms, render: 28ms)
 GET /workers 200 in 55ms (compile: 4ms, render: 51ms)
 GET /workers 200 in 51ms (compile: 3ms, render: 48ms)
 GET /workers/12D3KooW9vCqDyEHkvEaBbCqR7kBxx1F4xTMSuhjevwVaBWs9JbE 200 in 33ms (compile: 7ms, render: 26ms)
 GET /workers 200 in 37ms (compile: 4ms, render: 34ms)
 GET /workers/debug-worker-123 200 in 39ms (compile: 5ms, render: 34ms)
 GET /workers 200 in 37ms (compile: 3ms, render: 34ms)
 GET /workers/12D3KooW9vCqDyEHkvEaBbCqR7kBxx1F4xTMSuhjevwVaBWs9JbE 200 in 33ms (compile: 7ms, render: 26ms)
 GET /workers 200 in 32ms (compile: 4ms, render: 28ms)
 GET /workers/12D3KooWB1W8jcHxbxHqKEjsHYxVUwV75Na4jdCH7TEb93zSonxw 200 in 33ms (compile: 6ms, render: 27ms)
 GET /workers 200 in 33ms (compile: 5ms, render: 28ms)
 GET /workers/12D3KooWMhQEjQBZomunNUvi7ntx6888sg34XgSzzKCX358JwTRN 200 in 32ms (compile: 6ms, render: 26ms)
 GET /workers 200 in 30ms (compile: 3ms, render: 28ms)
 GET /workers/12D3KooWPU7Cf4Rq3RLVYDjx9Af6pNdh4V6QqQFp417ncbgCZJrA 200 in 36ms (compile: 6ms, render: 30ms)
 GET /workers 200 in 30ms (compile: 3ms, render: 28ms)
 GET /workers/12D3KooWEXL7rX9BiD4qYvh889zt4p6C9uxmmMztq9gSRAJi26LW 200 in 32ms (compile: 5ms, render: 26ms)
 GET /workers 200 in 33ms (compile: 4ms, render: 29ms)
 GET / 200 in 28ms (compile: 6ms, render: 22ms)
 GET /files 200 in 28ms (compile: 5ms, render: 23ms)
 GET /files/upload 200 in 25ms (compile: 5ms, render: 20ms)
[uploadAction] start target=http://10.145.113.207:7070/upload bytes=132607 file_id=00001
[uploadAction] response target=http://10.145.113.207:7070/upload status=200
 GET /files/upload?ok=1&file_id=00001&hash=767b91d8725e3062d9e319fc7c62d18a02bbfb07f691dd1d0f333859f0412217&bytes=132607&replication_factor=3 200 in 12ms (compile: 1326µs, render: 11ms)
 POST /files/upload 303 in 9.5s (compile: 3ms, render: 9.5s)
 GET /files 200 in 28ms (compile: 4ms, render: 24ms)
 GET /files?file_id=00001 200 in 116ms (compile: 3ms, render: 113ms)
 GET /files?file_id=00001&repair_ok=1&target_rf=3&repaired_shards=0&new_replicas=0 200 in 69ms (compile: 3ms, render: 66ms)
 POST /files?file_id=00001 303 in 3.7s (compile: 4ms, render: 3.7s)
 GET /files?file_id=00001&repair_ok=1&target_rf=4&repaired_shards=0&new_replicas=0 200 in 94ms (compile: 4ms, render: 91ms)
 POST /files?file_id=00001&repair_ok=1&target_rf=3&repaired_shards=0&new_replicas=0 303 in 1985ms (compile: 3ms, render: 1982ms)
 GET / 200 in 25ms (compile: 5ms, render: 20ms)
 GET /files 200 in 27ms (compile: 2ms, render: 24ms)
 GET /files/upload 200 in 23ms (compile: 6ms, render: 17ms)
[uploadAction] start target=http://10.145.113.207:7070/upload bytes=36235 file_id=1212
[uploadAction] response target=http://10.145.113.207:7070/upload status=500
[uploadAction] error target=http://10.145.113.207:7070/upload message=Upload request failed: 500 Internal Server Error - uplink command failed: status=exit status: 1 stdout=upload start: satellite_url=http://10.145.113.207:7070 replication_factor=4 input=/var/folders/ss/xsx1zglj0jd88hfhyrtv_vpw0000gn/T/dsprout-ui-upload-1212.bin
worker discovery: healthy_workers=2 satellite_url=http://10.145.113.207:7070
 stderr=worker discovery filtered: unhealthy=7 disabled=0 invalid_multiaddr=0
Error: replication factor 4 exceeds connected workers 2 (worker_ids=12D3KooWCwHWQoB8ENdjhwu2v4EvY4ZiMe4T1SZP9JJiBjFe46S3,12D3KooWMhQEjQBZomunNUvi7ntx6888sg34XgSzzKCX358JwTRN)
. target=http://10.145.113.207:7070/upload
 GET /files/upload?err=Upload+request+failed%3A+500+Internal+Server+Error+-+uplink+command+failed%3A+status%3Dexit+status%3A+1+stdout%3Dupload+start%3A+satellite_url%3Dhttp%3A%2F%2F10.145.113.207%3A7070+replication_factor%3D4+input%3D%2Fvar%2Ffolders%2Fss%2Fxsx1zglj0jd88hfhyrtv_vpw0000gn%2FT%2Fdsprout-ui-upload-1212.bin%0Aworker+discovery%3A+healthy_workers%3D2+satellite_url%3Dhttp%3A%2F%2F10.145.113.207%3A7070%0A+stderr%3Dworker+discovery+filtered%3A+unhealthy%3D7+disabled%3D0+invalid_multiaddr%3D0%0AError%3A+replication+factor+4+exceeds+connected+workers+2+%28worker_ids%3D12D3KooWCwHWQoB8ENdjhwu2v4EvY4ZiMe4T1SZP9JJiBjFe46S3%2C12D3KooWMhQEjQBZomunNUvi7ntx6888sg34XgSzzKCX358JwTRN%29%0A.+target%3Dhttp%3A%2F%2F10.145.113.207%3A7070%2Fupload 200 in 21ms (compile: 3ms, render: 18ms)
 POST /files/upload 303 in 172ms (compile: 5ms, render: 167ms)
[uploadAction] start target=http://10.145.113.207:7070/upload bytes=36235 file_id=1212
[uploadAction] response target=http://10.145.113.207:7070/upload status=500
[uploadAction] error target=http://10.145.113.207:7070/upload message=Upload request failed: 500 Internal Server Error - uplink command failed: status=exit status: 1 stdout=upload start: satellite_url=http://10.145.113.207:7070 replication_factor=3 input=/var/folders/ss/xsx1zglj0jd88hfhyrtv_vpw0000gn/T/dsprout-ui-upload-1212.bin
worker discovery: healthy_workers=2 satellite_url=http://10.145.113.207:7070
 stderr=worker discovery filtered: unhealthy=7 disabled=0 invalid_multiaddr=0
Error: replication factor 3 exceeds connected workers 2 (worker_ids=12D3KooWCwHWQoB8ENdjhwu2v4EvY4ZiMe4T1SZP9JJiBjFe46S3,12D3KooWMhQEjQBZomunNUvi7ntx6888sg34XgSzzKCX358JwTRN)
. target=http://10.145.113.207:7070/upload
 GET /files/upload?err=Upload+request+failed%3A+500+Internal+Server+Error+-+uplink+command+failed%3A+status%3Dexit+status%3A+1+stdout%3Dupload+start%3A+satellite_url%3Dhttp%3A%2F%2F10.145.113.207%3A7070+replication_factor%3D3+input%3D%2Fvar%2Ffolders%2Fss%2Fxsx1zglj0jd88hfhyrtv_vpw0000gn%2FT%2Fdsprout-ui-upload-1212.bin%0Aworker+discovery%3A+healthy_workers%3D2+satellite_url%3Dhttp%3A%2F%2F10.145.113.207%3A7070%0A+stderr%3Dworker+discovery+filtered%3A+unhealthy%3D7+disabled%3D0+invalid_multiaddr%3D0%0AError%3A+replication+factor+3+exceeds+connected+workers+2+%28worker_ids%3D12D3KooWCwHWQoB8ENdjhwu2v4EvY4ZiMe4T1SZP9JJiBjFe46S3%2C12D3KooWMhQEjQBZomunNUvi7ntx6888sg34XgSzzKCX358JwTRN%29%0A.+target%3Dhttp%3A%2F%2F10.145.113.207%3A7070%2Fupload 200 in 24ms (compile: 4ms, render: 20ms)
 POST /files/upload?err=Upload%20request%20failed%3A%20500%20Internal%20Server%20Error%20-%20uplink%20command%20failed%3A%20status%3Dexit%20status%3A%201%20stdout%3Dupload%20start%3A%20satellite_url%3Dhttp%3A%2F%2F10.145.113.207%3A7070%20replication_factor%3D4%20input%3D%2Fvar%2Ffolders%2Fss%2Fxsx1zglj0jd88hfhyrtv_vpw0000gn%2FT%2Fdsprout-ui-upload-1212.bin%0Aworker%20discovery%3A%20healthy_workers%3D2%20satellite_url%3Dhttp%3A%2F%2F10.145.113.207%3A7070%0A%20stderr%3Dworker%20discovery%20filtered%3A%20unhealthy%3D7%20disabled%3D0%20invalid_multiaddr%3D0%0AError%3A%20replication%20factor%204%20exceeds%20connected%20workers%202%20(worker_ids%3D12D3KooWCwHWQoB8ENdjhwu2v4EvY4ZiMe4T1SZP9JJiBjFe46S3%2C12D3KooWMhQEjQBZomunNUvi7ntx6888sg34XgSzzKCX358JwTRN)%0A.%20target%3Dhttp%3A%2F%2F10.145.113.207%3A7070%2Fupload 303 in 231ms (compile: 4ms, render: 228ms)
 GET / 200 in 25ms (compile: 4ms, render: 21ms)
 GET /contributors 200 in 43ms (compile: 4ms, render: 39ms)
 GET /workers 200 in 32ms (compile: 5ms, render: 27ms)
 GET /workers/12D3KooWB1W8jcHxbxHqKEjsHYxVUwV75Na4jdCH7TEb93zSonxw 200 in 35ms (compile: 8ms, render: 27ms)
 GET /workers 200 in 32ms (compile: 4ms, render: 28ms)
 GET /workers/12D3KooW9vCqDyEHkvEaBbCqR7kBxx1F4xTMSuhjevwVaBWs9JbE 200 in 35ms (compile: 8ms, render: 27ms)
 GET /workers 200 in 32ms (compile: 3ms, render: 29ms)
 GET /workers/12D3KooWB1W8jcHxbxHqKEjsHYxVUwV75Na4jdCH7TEb93zSonxw 200 in 34ms (compile: 7ms, render: 27ms)
 GET /workers 200 in 30ms (compile: 3ms, render: 27ms)
 GET /workers/12D3KooWEXL7rX9BiD4qYvh889zt4p6C9uxmmMztq9gSRAJi26LW 200 in 35ms (compile: 6ms, render: 30ms)
 GET /workers 200 in 32ms (compile: 4ms, render: 28ms)
 GET /workers 200 in 83ms (compile: 6ms, render: 77ms)
 GET /workers/12D3KooWB1W8jcHxbxHqKEjsHYxVUwV75Na4jdCH7TEb93zSonxw 200 in 34ms (compile: 8ms, render: 26ms)
 GET /workers 200 in 32ms (compile: 4ms, render: 28ms)
 GET /workers/12D3KooWEXL7rX9BiD4qYvh889zt4p6C9uxmmMztq9gSRAJi26LW 200 in 36ms (compile: 7ms, render: 28ms)
 GET /workers 200 in 31ms (compile: 3ms, render: 28ms)
 GET /workers/12D3KooW9vCqDyEHkvEaBbCqR7kBxx1F4xTMSuhjevwVaBWs9JbE 200 in 31ms (compile: 7ms, render: 24ms)
 GET /workers 200 in 30ms (compile: 3ms, render: 28ms)
 GET /workers 200 in 50ms (compile: 4ms, render: 47ms)
 GET /workers 200 in 55ms (compile: 4ms, render: 51ms)
 GET /workers 200 in 56ms (compile: 4ms, render: 53ms)
 GET /workers/12D3KooW9vCqDyEHkvEaBbCqR7kBxx1F4xTMSuhjevwVaBWs9JbE 200 in 36ms (compile: 10ms, render: 27ms)
 GET /workers 200 in 33ms (compile: 3ms, render: 30ms)
 GET /workers/12D3KooWPU7Cf4Rq3RLVYDjx9Af6pNdh4V6QqQFp417ncbgCZJrA 200 in 32ms (compile: 7ms, render: 26ms)
 GET /workers 200 in 33ms (compile: 7ms, render: 26ms)
 GET /workers 200 in 65ms (compile: 3ms, render: 62ms)
 GET /workers 200 in 49ms (compile: 3ms, render: 46ms)
 GET /workers/12D3KooW9vCqDyEHkvEaBbCqR7kBxx1F4xTMSuhjevwVaBWs9JbE 200 in 32ms (compile: 6ms, render: 25ms)
 GET /workers/12D3KooW9vCqDyEHkvEaBbCqR7kBxx1F4xTMSuhjevwVaBWs9JbE 200 in 44ms (compile: 7ms, render: 37ms)
 GET /workers/12D3KooW9vCqDyEHkvEaBbCqR7kBxx1F4xTMSuhjevwVaBWs9JbE 200 in 35ms (compile: 5ms, render: 30ms)
 GET /workers 200 in 31ms (compile: 6ms, render: 24ms)
 GET /workers 200 in 21ms (compile: 904µs, render: 20ms)
 GET /workers 200 in 48ms (compile: 2ms, render: 45ms)
 GET /workers/12D3KooW9vCqDyEHkvEaBbCqR7kBxx1F4xTMSuhjevwVaBWs9JbE 200 in 32ms (compile: 5ms, render: 27ms)
 GET /workers/12D3KooW9vCqDyEHkvEaBbCqR7kBxx1F4xTMSuhjevwVaBWs9JbE 200 in 44ms (compile: 6ms, render: 38ms)
 GET /workers 200 in 32ms (compile: 5ms, render: 27ms)
 GET /workers 200 in 47ms (compile: 4ms, render: 43ms)
 GET /workers 200 in 54ms (compile: 3ms, render: 51ms)
 GET /workers 200 in 47ms (compile: 3ms, render: 43ms)
 GET /workers 200 in 53ms (compile: 4ms, render: 49ms)
 GET /workers/12D3KooW9vCqDyEHkvEaBbCqR7kBxx1F4xTMSuhjevwVaBWs9JbE 200 in 35ms (compile: 8ms, render: 27ms)
 GET /workers/12D3KooW9vCqDyEHkvEaBbCqR7kBxx1F4xTMSuhjevwVaBWs9JbE 200 in 47ms (compile: 8ms, render: 39ms)
 GET /workers 200 in 36ms (compile: 4ms, render: 33ms)
 GET /workers 200 in 52ms (compile: 3ms, render: 49ms)
 GET / 200 in 26ms (compile: 6ms, render: 19ms)
 GET /files 200 in 28ms (compile: 4ms, render: 24ms)
 GET /files/upload 200 in 23ms (compile: 5ms, render: 18ms)
[uploadAction] start target=http://10.145.113.207:7070/upload bytes=36235 file_id=2500
[uploadAction] response target=http://10.145.113.207:7070/upload status=200
 GET /files/upload?ok=1&file_id=2500&hash=6dd151c3ae736076d11c0693c0e7de0e3a429aaa252148f7bd3087c28b187dd1&bytes=36235&replication_factor=7 200 in 20ms (compile: 3ms, render: 17ms)
 POST /files/upload 303 in 20.3s (compile: 4ms, render: 20.3s)
 GET /files 200 in 24ms (compile: 5ms, render: 18ms)
 GET /files?file_id=2500 200 in 258ms (compile: 3ms, render: 255ms)
 GET /files/download 200 in 37ms (compile: 15ms, render: 22ms)
 GET /files/download?ok=1&file_id=2500&original_hash=6dd151c3ae736076d11c0693c0e7de0e3a429aaa252148f7bd3087c28b187dd1&restored_hash=6dd151c3ae736076d11c0693c0e7de0e3a429aaa252148f7bd3087c28b187dd1&equal=1&bytes=36235 200 in 9ms (compile: 1012µs, render: 8ms)
 POST /files/download 303 in 1354ms (compile: 3ms, render: 1351ms)
 GET / 200 in 35ms (compile: 9ms, render: 26ms)
 GET /files 200 in 32ms (compile: 6ms, render: 26ms)
 GET /files?file_id=989 200 in 263ms (compile: 3ms, render: 259ms)
 GET /files/download 200 in 27ms (compile: 8ms, render: 20ms)
 GET /files/download?ok=1&file_id=989&original_hash=a2ea6791936ca7f2a8fd5982a601a35523f03cb58f3a7048cc95853ca7202860&restored_hash=a2ea6791936ca7f2a8fd5982a601a35523f03cb58f3a7048cc95853ca7202860&equal=1&bytes=95968 200 in 10ms (compile: 1068µs, render: 9ms)
 POST /files/download 303 in 1537ms (compile: 3ms, render: 1535ms)
 GET /files/download/file?file_id=989 200 in 2.5s (compile: 4ms, render: 2.5s)
 GET / 200 in 30ms (compile: 6ms, render: 25ms)
 GET /contributors 200 in 56ms (compile: 12ms, render: 44ms)
 GET /workers 200 in 43ms (compile: 6ms, render: 37ms)
 GET /workers 200 in 43ms (compile: 3ms, render: 40ms)
 GET /workers 200 in 51ms (compile: 3ms, render: 47ms)
 GET /workers 200 in 49ms (compile: 4ms, render: 46ms)
 GET /workers 200 in 51ms (compile: 8ms, render: 43ms)
 GET /workers/12D3KooW9vCqDyEHkvEaBbCqR7kBxx1F4xTMSuhjevwVaBWs9JbE 200 in 33ms (compile: 8ms, render: 25ms)
 GET /workers 200 in 31ms (compile: 4ms, render: 27ms)
 GET /workers/12D3KooWPU7Cf4Rq3RLVYDjx9Af6pNdh4V6QqQFp417ncbgCZJrA 200 in 35ms (compile: 7ms, render: 28ms)
 GET /workers 200 in 30ms (compile: 3ms, render: 27ms)
 GET /workers/12D3KooWCwHWQoB8ENdjhwu2v4EvY4ZiMe4T1SZP9JJiBjFe46S3 200 in 35ms (compile: 6ms, render: 29ms)
 GET /workers 200 in 28ms (compile: 3ms, render: 25ms)
 GET /workers/12D3KooWMhQEjQBZomunNUvi7ntx6888sg34XgSzzKCX358JwTRN 200 in 32ms (compile: 7ms, render: 25ms)
 GET /workers 200 in 35ms (compile: 3ms, render: 32ms)
[?25h
